Arguments: 
  C:\Program Files\nodejs\node.exe C:\Users\vllevot\AppData\Roaming\npm\node_modules\yarn\bin\yarn.js install

PATH: 
  C:\Python39\Scripts\;C:\Python39\;C:\WINDOWS\system32;C:\WINDOWS;C:\WINDOWS\System32\Wbem;C:\WINDOWS\System32\WindowsPowerShell\v1.0\;C:\WINDOWS\System32\OpenSSH\;C:\Program Files\nodejs\;C:\ProgramData\chocolatey\bin;C:\Users\vllevot\AppData\Local\Microsoft\WindowsApps;C:\Users\vllevot\AppData\Local\Programs\Microsoft VS Code\bin;C:\Users\vllevot\AppData\Local\Programs\Git\cmd;C:\Users\vllevot\AppData\Roaming\npm

Yarn version: 
  1.22.11

Node version: 
  16.9.0

Platform: 
  win32 x64

Trace: 
  Error: EPERM: operation not permitted, unlink 'C:\Users\vllevot\Documents\Openclassroom\Projet_6\Billed-app-FR\node_modules\@babel\helper-define-map\lib'

npm manifest: 
  {
    "scripts": {
      "test": "jest --coverage --noStackTrace --silent"
    },
    "jest": {
      "verbose": false,
      "setupFiles": [
        "./setup-jest.js"
      ],
      "collectCoverageFrom": [
        "**/*.{js,jsx}",
        "!**/app/**",
        "!**/assets/**",
        "!**/external/**",
        "!**/fixtures/**",
        "!**/lcov-report/**"
      ]
    },
    "type": "module",
    "dependencies": {
      "express": "^4.17.1",
      "jquery": "^3.5.1",
      "path": "^0.12.7"
    },
    "devDependencies": {
      "@babel/preset-env": "^7.10.4",
      "@testing-library/dom": "^7.20.0",
      "@testing-library/jest-dom": "^5.11.0",
      "@testing-library/user-event": "^12.0.11",
      "babel-jest": "^26.1.0",
      "jest": "^26.1.0",
      "jest-html-reporter": "^3.1.3"
    }
  }

yarn manifest: 
  No manifest

Lockfile: 
  No lockfile
